<?xml version="1.0" encoding="UTF-8"?>
<testsuite xmlns:xsi="http://www.w3.org/2001/XMLSchema-instance" xsi:noNamespaceSchemaLocation="https://maven.apache.org/surefire/maven-surefire-plugin/xsd/surefire-test-report.xsd" name="com.angular.formation.restangularformation.RestAngularFormationApplicationTests" time="5.603" tests="1" errors="0" skipped="0" failures="0">
  <properties>
    <property name="java.specification.version" value="14"/>
    <property name="sun.jnu.encoding" value="UTF-8"/>
    <property name="java.class.path" value="/home/zayani/zied/workspace-microservice/rest-angular-formation/target/test-classes:/home/zayani/zied/workspace-microservice/rest-angular-formation/target/classes:/home/zayani/.m2/repository/org/springframework/boot/spring-boot-starter-data-jpa/2.5.4/spring-boot-starter-data-jpa-2.5.4.jar:/home/zayani/.m2/repository/org/springframework/boot/spring-boot-starter-aop/2.5.4/spring-boot-starter-aop-2.5.4.jar:/home/zayani/.m2/repository/org/springframework/spring-aop/5.3.9/spring-aop-5.3.9.jar:/home/zayani/.m2/repository/org/aspectj/aspectjweaver/1.9.7/aspectjweaver-1.9.7.jar:/home/zayani/.m2/repository/org/springframework/boot/spring-boot-starter-jdbc/2.5.4/spring-boot-starter-jdbc-2.5.4.jar:/home/zayani/.m2/repository/com/zaxxer/HikariCP/4.0.3/HikariCP-4.0.3.jar:/home/zayani/.m2/repository/org/springframework/spring-jdbc/5.3.9/spring-jdbc-5.3.9.jar:/home/zayani/.m2/repository/jakarta/transaction/jakarta.transaction-api/1.3.3/jakarta.transaction-api-1.3.3.jar:/home/zayani/.m2/repository/jakarta/persistence/jakarta.persistence-api/2.2.3/jakarta.persistence-api-2.2.3.jar:/home/zayani/.m2/repository/org/hibernate/hibernate-core/5.4.32.Final/hibernate-core-5.4.32.Final.jar:/home/zayani/.m2/repository/org/jboss/logging/jboss-logging/3.4.2.Final/jboss-logging-3.4.2.Final.jar:/home/zayani/.m2/repository/org/javassist/javassist/3.27.0-GA/javassist-3.27.0-GA.jar:/home/zayani/.m2/repository/net/bytebuddy/byte-buddy/1.10.22/byte-buddy-1.10.22.jar:/home/zayani/.m2/repository/antlr/antlr/2.7.7/antlr-2.7.7.jar:/home/zayani/.m2/repository/org/jboss/jandex/2.2.3.Final/jandex-2.2.3.Final.jar:/home/zayani/.m2/repository/com/fasterxml/classmate/1.5.1/classmate-1.5.1.jar:/home/zayani/.m2/repository/org/dom4j/dom4j/2.1.3/dom4j-2.1.3.jar:/home/zayani/.m2/repository/org/hibernate/common/hibernate-commons-annotations/5.1.2.Final/hibernate-commons-annotations-5.1.2.Final.jar:/home/zayani/.m2/repository/org/glassfish/jaxb/jaxb-runtime/2.3.5/jaxb-runtime-2.3.5.jar:/home/zayani/.m2/repository/org/glassfish/jaxb/txw2/2.3.5/txw2-2.3.5.jar:/home/zayani/.m2/repository/com/sun/istack/istack-commons-runtime/3.0.12/istack-commons-runtime-3.0.12.jar:/home/zayani/.m2/repository/com/sun/activation/jakarta.activation/1.2.2/jakarta.activation-1.2.2.jar:/home/zayani/.m2/repository/org/springframework/data/spring-data-jpa/2.5.4/spring-data-jpa-2.5.4.jar:/home/zayani/.m2/repository/org/springframework/data/spring-data-commons/2.5.4/spring-data-commons-2.5.4.jar:/home/zayani/.m2/repository/org/springframework/spring-orm/5.3.9/spring-orm-5.3.9.jar:/home/zayani/.m2/repository/org/springframework/spring-context/5.3.9/spring-context-5.3.9.jar:/home/zayani/.m2/repository/org/springframework/spring-tx/5.3.9/spring-tx-5.3.9.jar:/home/zayani/.m2/repository/org/springframework/spring-beans/5.3.9/spring-beans-5.3.9.jar:/home/zayani/.m2/repository/org/slf4j/slf4j-api/1.7.32/slf4j-api-1.7.32.jar:/home/zayani/.m2/repository/org/springframework/spring-aspects/5.3.9/spring-aspects-5.3.9.jar:/home/zayani/.m2/repository/org/springframework/boot/spring-boot-starter-web/2.5.4/spring-boot-starter-web-2.5.4.jar:/home/zayani/.m2/repository/org/springframework/boot/spring-boot-starter/2.5.4/spring-boot-starter-2.5.4.jar:/home/zayani/.m2/repository/org/springframework/boot/spring-boot-starter-logging/2.5.4/spring-boot-starter-logging-2.5.4.jar:/home/zayani/.m2/repository/ch/qos/logback/logback-classic/1.2.5/logback-classic-1.2.5.jar:/home/zayani/.m2/repository/ch/qos/logback/logback-core/1.2.5/logback-core-1.2.5.jar:/home/zayani/.m2/repository/org/apache/logging/log4j/log4j-to-slf4j/2.14.1/log4j-to-slf4j-2.14.1.jar:/home/zayani/.m2/repository/org/apache/logging/log4j/log4j-api/2.14.1/log4j-api-2.14.1.jar:/home/zayani/.m2/repository/org/slf4j/jul-to-slf4j/1.7.32/jul-to-slf4j-1.7.32.jar:/home/zayani/.m2/repository/jakarta/annotation/jakarta.annotation-api/1.3.5/jakarta.annotation-api-1.3.5.jar:/home/zayani/.m2/repository/org/yaml/snakeyaml/1.28/snakeyaml-1.28.jar:/home/zayani/.m2/repository/org/springframework/boot/spring-boot-starter-json/2.5.4/spring-boot-starter-json-2.5.4.jar:/home/zayani/.m2/repository/com/fasterxml/jackson/core/jackson-databind/2.12.4/jackson-databind-2.12.4.jar:/home/zayani/.m2/repository/com/fasterxml/jackson/core/jackson-annotations/2.12.4/jackson-annotations-2.12.4.jar:/home/zayani/.m2/repository/com/fasterxml/jackson/datatype/jackson-datatype-jdk8/2.12.4/jackson-datatype-jdk8-2.12.4.jar:/home/zayani/.m2/repository/com/fasterxml/jackson/datatype/jackson-datatype-jsr310/2.12.4/jackson-datatype-jsr310-2.12.4.jar:/home/zayani/.m2/repository/com/fasterxml/jackson/module/jackson-module-parameter-names/2.12.4/jackson-module-parameter-names-2.12.4.jar:/home/zayani/.m2/repository/org/springframework/boot/spring-boot-starter-tomcat/2.5.4/spring-boot-starter-tomcat-2.5.4.jar:/home/zayani/.m2/repository/org/apache/tomcat/embed/tomcat-embed-core/9.0.52/tomcat-embed-core-9.0.52.jar:/home/zayani/.m2/repository/org/apache/tomcat/embed/tomcat-embed-el/9.0.52/tomcat-embed-el-9.0.52.jar:/home/zayani/.m2/repository/org/apache/tomcat/embed/tomcat-embed-websocket/9.0.52/tomcat-embed-websocket-9.0.52.jar:/home/zayani/.m2/repository/org/springframework/spring-web/5.3.9/spring-web-5.3.9.jar:/home/zayani/.m2/repository/org/springframework/spring-webmvc/5.3.9/spring-webmvc-5.3.9.jar:/home/zayani/.m2/repository/org/springframework/spring-expression/5.3.9/spring-expression-5.3.9.jar:/home/zayani/.m2/repository/org/springframework/boot/spring-boot-devtools/2.5.4/spring-boot-devtools-2.5.4.jar:/home/zayani/.m2/repository/org/springframework/boot/spring-boot/2.5.4/spring-boot-2.5.4.jar:/home/zayani/.m2/repository/org/springframework/boot/spring-boot-autoconfigure/2.5.4/spring-boot-autoconfigure-2.5.4.jar:/home/zayani/.m2/repository/org/springframework/boot/spring-boot-starter-test/2.5.4/spring-boot-starter-test-2.5.4.jar:/home/zayani/.m2/repository/org/springframework/boot/spring-boot-test/2.5.4/spring-boot-test-2.5.4.jar:/home/zayani/.m2/repository/org/springframework/boot/spring-boot-test-autoconfigure/2.5.4/spring-boot-test-autoconfigure-2.5.4.jar:/home/zayani/.m2/repository/com/jayway/jsonpath/json-path/2.5.0/json-path-2.5.0.jar:/home/zayani/.m2/repository/net/minidev/json-smart/2.4.7/json-smart-2.4.7.jar:/home/zayani/.m2/repository/net/minidev/accessors-smart/2.4.7/accessors-smart-2.4.7.jar:/home/zayani/.m2/repository/org/ow2/asm/asm/9.1/asm-9.1.jar:/home/zayani/.m2/repository/jakarta/xml/bind/jakarta.xml.bind-api/2.3.3/jakarta.xml.bind-api-2.3.3.jar:/home/zayani/.m2/repository/jakarta/activation/jakarta.activation-api/1.2.2/jakarta.activation-api-1.2.2.jar:/home/zayani/.m2/repository/org/assertj/assertj-core/3.19.0/assertj-core-3.19.0.jar:/home/zayani/.m2/repository/org/hamcrest/hamcrest/2.2/hamcrest-2.2.jar:/home/zayani/.m2/repository/org/junit/jupiter/junit-jupiter/5.7.2/junit-jupiter-5.7.2.jar:/home/zayani/.m2/repository/org/junit/jupiter/junit-jupiter-api/5.7.2/junit-jupiter-api-5.7.2.jar:/home/zayani/.m2/repository/org/apiguardian/apiguardian-api/1.1.0/apiguardian-api-1.1.0.jar:/home/zayani/.m2/repository/org/opentest4j/opentest4j/1.2.0/opentest4j-1.2.0.jar:/home/zayani/.m2/repository/org/junit/platform/junit-platform-commons/1.7.2/junit-platform-commons-1.7.2.jar:/home/zayani/.m2/repository/org/junit/jupiter/junit-jupiter-params/5.7.2/junit-jupiter-params-5.7.2.jar:/home/zayani/.m2/repository/org/junit/jupiter/junit-jupiter-engine/5.7.2/junit-jupiter-engine-5.7.2.jar:/home/zayani/.m2/repository/org/junit/platform/junit-platform-engine/1.7.2/junit-platform-engine-1.7.2.jar:/home/zayani/.m2/repository/org/mockito/mockito-core/3.9.0/mockito-core-3.9.0.jar:/home/zayani/.m2/repository/net/bytebuddy/byte-buddy-agent/1.10.22/byte-buddy-agent-1.10.22.jar:/home/zayani/.m2/repository/org/objenesis/objenesis/3.2/objenesis-3.2.jar:/home/zayani/.m2/repository/org/mockito/mockito-junit-jupiter/3.9.0/mockito-junit-jupiter-3.9.0.jar:/home/zayani/.m2/repository/org/skyscreamer/jsonassert/1.5.0/jsonassert-1.5.0.jar:/home/zayani/.m2/repository/com/vaadin/external/google/android-json/0.0.20131108.vaadin1/android-json-0.0.20131108.vaadin1.jar:/home/zayani/.m2/repository/org/springframework/spring-core/5.3.9/spring-core-5.3.9.jar:/home/zayani/.m2/repository/org/springframework/spring-jcl/5.3.9/spring-jcl-5.3.9.jar:/home/zayani/.m2/repository/org/springframework/spring-test/5.3.9/spring-test-5.3.9.jar:/home/zayani/.m2/repository/org/xmlunit/xmlunit-core/2.8.2/xmlunit-core-2.8.2.jar:/home/zayani/.m2/repository/com/h2database/h2/1.4.200/h2-1.4.200.jar:/home/zayani/.m2/repository/org/springdoc/springdoc-openapi-ui/1.5.2/springdoc-openapi-ui-1.5.2.jar:/home/zayani/.m2/repository/org/springdoc/springdoc-openapi-webmvc-core/1.5.2/springdoc-openapi-webmvc-core-1.5.2.jar:/home/zayani/.m2/repository/org/springdoc/springdoc-openapi-common/1.5.2/springdoc-openapi-common-1.5.2.jar:/home/zayani/.m2/repository/io/swagger/core/v3/swagger-models/2.1.6/swagger-models-2.1.6.jar:/home/zayani/.m2/repository/io/swagger/core/v3/swagger-annotations/2.1.6/swagger-annotations-2.1.6.jar:/home/zayani/.m2/repository/io/swagger/core/v3/swagger-integration/2.1.6/swagger-integration-2.1.6.jar:/home/zayani/.m2/repository/io/swagger/core/v3/swagger-core/2.1.6/swagger-core-2.1.6.jar:/home/zayani/.m2/repository/com/fasterxml/jackson/dataformat/jackson-dataformat-yaml/2.12.4/jackson-dataformat-yaml-2.12.4.jar:/home/zayani/.m2/repository/jakarta/validation/jakarta.validation-api/2.0.2/jakarta.validation-api-2.0.2.jar:/home/zayani/.m2/repository/io/github/classgraph/classgraph/4.8.69/classgraph-4.8.69.jar:/home/zayani/.m2/repository/org/apache/commons/commons-lang3/3.12.0/commons-lang3-3.12.0.jar:/home/zayani/.m2/repository/org/webjars/swagger-ui/3.38.0/swagger-ui-3.38.0.jar:/home/zayani/.m2/repository/org/webjars/webjars-locator-core/0.46/webjars-locator-core-0.46.jar:/home/zayani/.m2/repository/com/fasterxml/jackson/core/jackson-core/2.12.4/jackson-core-2.12.4.jar:"/>
    <property name="java.vm.vendor" value="Oracle Corporation"/>
    <property name="sun.arch.data.model" value="64"/>
    <property name="java.vendor.url" value="https://java.oracle.com/"/>
    <property name="os.name" value="Linux"/>
    <property name="java.vm.specification.version" value="14"/>
    <property name="sun.java.launcher" value="SUN_STANDARD"/>
    <property name="user.country" value="FR"/>
    <property name="sun.boot.library.path" value="/home/zayani/.p2/pool/plugins/org.eclipse.justj.openjdk.hotspot.jre.full.linux.x86_64_14.0.2.v20200815-0932/jre/lib"/>
    <property name="sun.java.command" value="/home/zayani/zied/workspace-microservice/rest-angular-formation/target/surefire/surefirebooter13588347157322163938.jar /home/zayani/zied/workspace-microservice/rest-angular-formation/target/surefire 2021-09-20T00-31-32_473-jvmRun1 surefire8510512534341206802tmp surefire_03799367210678314561tmp"/>
    <property name="jdk.debug" value="release"/>
    <property name="surefire.test.class.path" value="/home/zayani/zied/workspace-microservice/rest-angular-formation/target/test-classes:/home/zayani/zied/workspace-microservice/rest-angular-formation/target/classes:/home/zayani/.m2/repository/org/springframework/boot/spring-boot-starter-data-jpa/2.5.4/spring-boot-starter-data-jpa-2.5.4.jar:/home/zayani/.m2/repository/org/springframework/boot/spring-boot-starter-aop/2.5.4/spring-boot-starter-aop-2.5.4.jar:/home/zayani/.m2/repository/org/springframework/spring-aop/5.3.9/spring-aop-5.3.9.jar:/home/zayani/.m2/repository/org/aspectj/aspectjweaver/1.9.7/aspectjweaver-1.9.7.jar:/home/zayani/.m2/repository/org/springframework/boot/spring-boot-starter-jdbc/2.5.4/spring-boot-starter-jdbc-2.5.4.jar:/home/zayani/.m2/repository/com/zaxxer/HikariCP/4.0.3/HikariCP-4.0.3.jar:/home/zayani/.m2/repository/org/springframework/spring-jdbc/5.3.9/spring-jdbc-5.3.9.jar:/home/zayani/.m2/repository/jakarta/transaction/jakarta.transaction-api/1.3.3/jakarta.transaction-api-1.3.3.jar:/home/zayani/.m2/repository/jakarta/persistence/jakarta.persistence-api/2.2.3/jakarta.persistence-api-2.2.3.jar:/home/zayani/.m2/repository/org/hibernate/hibernate-core/5.4.32.Final/hibernate-core-5.4.32.Final.jar:/home/zayani/.m2/repository/org/jboss/logging/jboss-logging/3.4.2.Final/jboss-logging-3.4.2.Final.jar:/home/zayani/.m2/repository/org/javassist/javassist/3.27.0-GA/javassist-3.27.0-GA.jar:/home/zayani/.m2/repository/net/bytebuddy/byte-buddy/1.10.22/byte-buddy-1.10.22.jar:/home/zayani/.m2/repository/antlr/antlr/2.7.7/antlr-2.7.7.jar:/home/zayani/.m2/repository/org/jboss/jandex/2.2.3.Final/jandex-2.2.3.Final.jar:/home/zayani/.m2/repository/com/fasterxml/classmate/1.5.1/classmate-1.5.1.jar:/home/zayani/.m2/repository/org/dom4j/dom4j/2.1.3/dom4j-2.1.3.jar:/home/zayani/.m2/repository/org/hibernate/common/hibernate-commons-annotations/5.1.2.Final/hibernate-commons-annotations-5.1.2.Final.jar:/home/zayani/.m2/repository/org/glassfish/jaxb/jaxb-runtime/2.3.5/jaxb-runtime-2.3.5.jar:/home/zayani/.m2/repository/org/glassfish/jaxb/txw2/2.3.5/txw2-2.3.5.jar:/home/zayani/.m2/repository/com/sun/istack/istack-commons-runtime/3.0.12/istack-commons-runtime-3.0.12.jar:/home/zayani/.m2/repository/com/sun/activation/jakarta.activation/1.2.2/jakarta.activation-1.2.2.jar:/home/zayani/.m2/repository/org/springframework/data/spring-data-jpa/2.5.4/spring-data-jpa-2.5.4.jar:/home/zayani/.m2/repository/org/springframework/data/spring-data-commons/2.5.4/spring-data-commons-2.5.4.jar:/home/zayani/.m2/repository/org/springframework/spring-orm/5.3.9/spring-orm-5.3.9.jar:/home/zayani/.m2/repository/org/springframework/spring-context/5.3.9/spring-context-5.3.9.jar:/home/zayani/.m2/repository/org/springframework/spring-tx/5.3.9/spring-tx-5.3.9.jar:/home/zayani/.m2/repository/org/springframework/spring-beans/5.3.9/spring-beans-5.3.9.jar:/home/zayani/.m2/repository/org/slf4j/slf4j-api/1.7.32/slf4j-api-1.7.32.jar:/home/zayani/.m2/repository/org/springframework/spring-aspects/5.3.9/spring-aspects-5.3.9.jar:/home/zayani/.m2/repository/org/springframework/boot/spring-boot-starter-web/2.5.4/spring-boot-starter-web-2.5.4.jar:/home/zayani/.m2/repository/org/springframework/boot/spring-boot-starter/2.5.4/spring-boot-starter-2.5.4.jar:/home/zayani/.m2/repository/org/springframework/boot/spring-boot-starter-logging/2.5.4/spring-boot-starter-logging-2.5.4.jar:/home/zayani/.m2/repository/ch/qos/logback/logback-classic/1.2.5/logback-classic-1.2.5.jar:/home/zayani/.m2/repository/ch/qos/logback/logback-core/1.2.5/logback-core-1.2.5.jar:/home/zayani/.m2/repository/org/apache/logging/log4j/log4j-to-slf4j/2.14.1/log4j-to-slf4j-2.14.1.jar:/home/zayani/.m2/repository/org/apache/logging/log4j/log4j-api/2.14.1/log4j-api-2.14.1.jar:/home/zayani/.m2/repository/org/slf4j/jul-to-slf4j/1.7.32/jul-to-slf4j-1.7.32.jar:/home/zayani/.m2/repository/jakarta/annotation/jakarta.annotation-api/1.3.5/jakarta.annotation-api-1.3.5.jar:/home/zayani/.m2/repository/org/yaml/snakeyaml/1.28/snakeyaml-1.28.jar:/home/zayani/.m2/repository/org/springframework/boot/spring-boot-starter-json/2.5.4/spring-boot-starter-json-2.5.4.jar:/home/zayani/.m2/repository/com/fasterxml/jackson/core/jackson-databind/2.12.4/jackson-databind-2.12.4.jar:/home/zayani/.m2/repository/com/fasterxml/jackson/core/jackson-annotations/2.12.4/jackson-annotations-2.12.4.jar:/home/zayani/.m2/repository/com/fasterxml/jackson/datatype/jackson-datatype-jdk8/2.12.4/jackson-datatype-jdk8-2.12.4.jar:/home/zayani/.m2/repository/com/fasterxml/jackson/datatype/jackson-datatype-jsr310/2.12.4/jackson-datatype-jsr310-2.12.4.jar:/home/zayani/.m2/repository/com/fasterxml/jackson/module/jackson-module-parameter-names/2.12.4/jackson-module-parameter-names-2.12.4.jar:/home/zayani/.m2/repository/org/springframework/boot/spring-boot-starter-tomcat/2.5.4/spring-boot-starter-tomcat-2.5.4.jar:/home/zayani/.m2/repository/org/apache/tomcat/embed/tomcat-embed-core/9.0.52/tomcat-embed-core-9.0.52.jar:/home/zayani/.m2/repository/org/apache/tomcat/embed/tomcat-embed-el/9.0.52/tomcat-embed-el-9.0.52.jar:/home/zayani/.m2/repository/org/apache/tomcat/embed/tomcat-embed-websocket/9.0.52/tomcat-embed-websocket-9.0.52.jar:/home/zayani/.m2/repository/org/springframework/spring-web/5.3.9/spring-web-5.3.9.jar:/home/zayani/.m2/repository/org/springframework/spring-webmvc/5.3.9/spring-webmvc-5.3.9.jar:/home/zayani/.m2/repository/org/springframework/spring-expression/5.3.9/spring-expression-5.3.9.jar:/home/zayani/.m2/repository/org/springframework/boot/spring-boot-devtools/2.5.4/spring-boot-devtools-2.5.4.jar:/home/zayani/.m2/repository/org/springframework/boot/spring-boot/2.5.4/spring-boot-2.5.4.jar:/home/zayani/.m2/repository/org/springframework/boot/spring-boot-autoconfigure/2.5.4/spring-boot-autoconfigure-2.5.4.jar:/home/zayani/.m2/repository/org/springframework/boot/spring-boot-starter-test/2.5.4/spring-boot-starter-test-2.5.4.jar:/home/zayani/.m2/repository/org/springframework/boot/spring-boot-test/2.5.4/spring-boot-test-2.5.4.jar:/home/zayani/.m2/repository/org/springframework/boot/spring-boot-test-autoconfigure/2.5.4/spring-boot-test-autoconfigure-2.5.4.jar:/home/zayani/.m2/repository/com/jayway/jsonpath/json-path/2.5.0/json-path-2.5.0.jar:/home/zayani/.m2/repository/net/minidev/json-smart/2.4.7/json-smart-2.4.7.jar:/home/zayani/.m2/repository/net/minidev/accessors-smart/2.4.7/accessors-smart-2.4.7.jar:/home/zayani/.m2/repository/org/ow2/asm/asm/9.1/asm-9.1.jar:/home/zayani/.m2/repository/jakarta/xml/bind/jakarta.xml.bind-api/2.3.3/jakarta.xml.bind-api-2.3.3.jar:/home/zayani/.m2/repository/jakarta/activation/jakarta.activation-api/1.2.2/jakarta.activation-api-1.2.2.jar:/home/zayani/.m2/repository/org/assertj/assertj-core/3.19.0/assertj-core-3.19.0.jar:/home/zayani/.m2/repository/org/hamcrest/hamcrest/2.2/hamcrest-2.2.jar:/home/zayani/.m2/repository/org/junit/jupiter/junit-jupiter/5.7.2/junit-jupiter-5.7.2.jar:/home/zayani/.m2/repository/org/junit/jupiter/junit-jupiter-api/5.7.2/junit-jupiter-api-5.7.2.jar:/home/zayani/.m2/repository/org/apiguardian/apiguardian-api/1.1.0/apiguardian-api-1.1.0.jar:/home/zayani/.m2/repository/org/opentest4j/opentest4j/1.2.0/opentest4j-1.2.0.jar:/home/zayani/.m2/repository/org/junit/platform/junit-platform-commons/1.7.2/junit-platform-commons-1.7.2.jar:/home/zayani/.m2/repository/org/junit/jupiter/junit-jupiter-params/5.7.2/junit-jupiter-params-5.7.2.jar:/home/zayani/.m2/repository/org/junit/jupiter/junit-jupiter-engine/5.7.2/junit-jupiter-engine-5.7.2.jar:/home/zayani/.m2/repository/org/junit/platform/junit-platform-engine/1.7.2/junit-platform-engine-1.7.2.jar:/home/zayani/.m2/repository/org/mockito/mockito-core/3.9.0/mockito-core-3.9.0.jar:/home/zayani/.m2/repository/net/bytebuddy/byte-buddy-agent/1.10.22/byte-buddy-agent-1.10.22.jar:/home/zayani/.m2/repository/org/objenesis/objenesis/3.2/objenesis-3.2.jar:/home/zayani/.m2/repository/org/mockito/mockito-junit-jupiter/3.9.0/mockito-junit-jupiter-3.9.0.jar:/home/zayani/.m2/repository/org/skyscreamer/jsonassert/1.5.0/jsonassert-1.5.0.jar:/home/zayani/.m2/repository/com/vaadin/external/google/android-json/0.0.20131108.vaadin1/android-json-0.0.20131108.vaadin1.jar:/home/zayani/.m2/repository/org/springframework/spring-core/5.3.9/spring-core-5.3.9.jar:/home/zayani/.m2/repository/org/springframework/spring-jcl/5.3.9/spring-jcl-5.3.9.jar:/home/zayani/.m2/repository/org/springframework/spring-test/5.3.9/spring-test-5.3.9.jar:/home/zayani/.m2/repository/org/xmlunit/xmlunit-core/2.8.2/xmlunit-core-2.8.2.jar:/home/zayani/.m2/repository/com/h2database/h2/1.4.200/h2-1.4.200.jar:/home/zayani/.m2/repository/org/springdoc/springdoc-openapi-ui/1.5.2/springdoc-openapi-ui-1.5.2.jar:/home/zayani/.m2/repository/org/springdoc/springdoc-openapi-webmvc-core/1.5.2/springdoc-openapi-webmvc-core-1.5.2.jar:/home/zayani/.m2/repository/org/springdoc/springdoc-openapi-common/1.5.2/springdoc-openapi-common-1.5.2.jar:/home/zayani/.m2/repository/io/swagger/core/v3/swagger-models/2.1.6/swagger-models-2.1.6.jar:/home/zayani/.m2/repository/io/swagger/core/v3/swagger-annotations/2.1.6/swagger-annotations-2.1.6.jar:/home/zayani/.m2/repository/io/swagger/core/v3/swagger-integration/2.1.6/swagger-integration-2.1.6.jar:/home/zayani/.m2/repository/io/swagger/core/v3/swagger-core/2.1.6/swagger-core-2.1.6.jar:/home/zayani/.m2/repository/com/fasterxml/jackson/dataformat/jackson-dataformat-yaml/2.12.4/jackson-dataformat-yaml-2.12.4.jar:/home/zayani/.m2/repository/jakarta/validation/jakarta.validation-api/2.0.2/jakarta.validation-api-2.0.2.jar:/home/zayani/.m2/repository/io/github/classgraph/classgraph/4.8.69/classgraph-4.8.69.jar:/home/zayani/.m2/repository/org/apache/commons/commons-lang3/3.12.0/commons-lang3-3.12.0.jar:/home/zayani/.m2/repository/org/webjars/swagger-ui/3.38.0/swagger-ui-3.38.0.jar:/home/zayani/.m2/repository/org/webjars/webjars-locator-core/0.46/webjars-locator-core-0.46.jar:/home/zayani/.m2/repository/com/fasterxml/jackson/core/jackson-core/2.12.4/jackson-core-2.12.4.jar:"/>
    <property name="sun.cpu.endian" value="little"/>
    <property name="user.home" value="/home/zayani"/>
    <property name="user.language" value="fr"/>
    <property name="java.specification.vendor" value="Oracle Corporation"/>
    <property name="java.version.date" value="2020-07-14"/>
    <property name="java.home" value="/home/zayani/.p2/pool/plugins/org.eclipse.justj.openjdk.hotspot.jre.full.linux.x86_64_14.0.2.v20200815-0932/jre"/>
    <property name="file.separator" value="/"/>
    <property name="basedir" value="/home/zayani/zied/workspace-microservice/rest-angular-formation"/>
    <property name="java.vm.compressedOopsMode" value="32-bit"/>
    <property name="line.separator" value="&#10;"/>
    <property name="java.vm.specification.vendor" value="Oracle Corporation"/>
    <property name="java.specification.name" value="Java Platform API Specification"/>
    <property name="surefire.real.class.path" value="/home/zayani/zied/workspace-microservice/rest-angular-formation/target/surefire/surefirebooter13588347157322163938.jar"/>
    <property name="sun.management.compiler" value="HotSpot 64-Bit Tiered Compilers"/>
    <property name="java.runtime.version" value="14.0.2+12-46"/>
    <property name="user.name" value="zayani"/>
    <property name="path.separator" value=":"/>
    <property name="os.version" value="5.4.0-80-generic"/>
    <property name="java.runtime.name" value="OpenJDK Runtime Environment"/>
    <property name="file.encoding" value="UTF-8"/>
    <property name="java.vm.name" value="OpenJDK 64-Bit Server VM"/>
    <property name="localRepository" value="/home/zayani/.m2/repository"/>
    <property name="java.vendor.url.bug" value="https://bugreport.java.com/bugreport/"/>
    <property name="java.io.tmpdir" value="/tmp"/>
    <property name="java.version" value="14.0.2"/>
    <property name="user.dir" value="/home/zayani/zied/workspace-microservice/rest-angular-formation"/>
    <property name="os.arch" value="amd64"/>
    <property name="java.vm.specification.name" value="Java Virtual Machine Specification"/>
    <property name="java.library.path" value="/usr/java/packages/lib:/usr/lib64:/lib64:/lib:/usr/lib"/>
    <property name="java.vm.info" value="mixed mode"/>
    <property name="java.vendor" value="Oracle Corporation"/>
    <property name="java.vm.version" value="14.0.2+12-46"/>
    <property name="sun.io.unicode.encoding" value="UnicodeLittle"/>
    <property name="java.class.version" value="58.0"/>
  </properties>
  <testcase name="contextLoads" classname="com.angular.formation.restangularformation.RestAngularFormationApplicationTests" time="0.165"/>
</testsuite>